<?xml version="1.0" encoding="UTF-8"?>
<!-- Generated by org.testng.reporters.JUnitXMLReporter -->
<testsuite ignored="3" hostname="MIDHUNA" failures="0" tests="1" name="Default test" time="7.862" errors="0" timestamp="2023-06-20T15:07:00 IST">
  <testcase classname="newProjectMystique.NopCommerceShopping" name="verifyAddProductToCart_TC004" time="3.078"/>
  <testcase classname="newProjectMystique.NopCommerceShopping" name="verifySearchFunctionalityForProduct_TC002" time="0.0">
    <ignored/>
  </testcase> <!-- verifySearchFunctionalityForProduct_TC002 -->
  <testcase classname="newProjectMystique.NopCommerceShopping" name="verifyLaunchingTheUrlSuccessfully_TC001" time="0.0">
    <ignored/>
  </testcase> <!-- verifyLaunchingTheUrlSuccessfully_TC001 -->
  <testcase classname="newProjectMystique.NopCommerceShopping" name="verifyNavigateToProductDisplayPage_TC003" time="0.0">
    <ignored/>
  </testcase> <!-- verifyNavigateToProductDisplayPage_TC003 -->
</testsuite> <!-- Default test -->
