<?xml version="1.0" encoding="UTF-8"?>
<testng-results ignored="3" total="4" passed="1" failed="0" skipped="0">
  <reporter-output>
  </reporter-output>
  <suite started-at="2023-06-20T15:06:52 IST" name="Default suite" finished-at="2023-06-20T15:07:00 IST" duration-ms="7862">
    <groups>
    </groups>
    <test started-at="2023-06-20T15:06:52 IST" name="Default test" finished-at="2023-06-20T15:07:00 IST" duration-ms="7862">
      <class name="newProjectMystique.NopCommerceShopping">
        <test-method is-config="true" signature="beforeMethod()[pri:0, instance:newProjectMystique.NopCommerceShopping@47af7f3d]" started-at="2023-06-20T15:06:52 IST" name="beforeMethod" finished-at="2023-06-20T15:06:57 IST" duration-ms="4507" status="PASS">
          <reporter-output>
          </reporter-output>
        </test-method> <!-- beforeMethod -->
        <test-method signature="verifyAddProductToCart_TC004()[pri:4, instance:newProjectMystique.NopCommerceShopping@47af7f3d]" started-at="2023-06-20T15:06:57 IST" name="verifyAddProductToCart_TC004" finished-at="2023-06-20T15:07:00 IST" duration-ms="3078" status="PASS">
          <reporter-output>
          </reporter-output>
        </test-method> <!-- verifyAddProductToCart_TC004 -->
        <test-method is-config="true" signature="afterMethod()[pri:0, instance:newProjectMystique.NopCommerceShopping@47af7f3d]" started-at="2023-06-20T15:07:00 IST" name="afterMethod" finished-at="2023-06-20T15:07:00 IST" duration-ms="236" status="PASS">
          <reporter-output>
          </reporter-output>
        </test-method> <!-- afterMethod -->
      </class> <!-- newProjectMystique.NopCommerceShopping -->
    </test> <!-- Default test -->
  </suite> <!-- Default suite -->
</testng-results>
